LabVIEWCLI started logging in file:  /tmp/lvtemporary_761294.log
Using LabVIEW: "/usr/local/natinst/LabVIEW-2026-64/labviewprofull"
LabVIEW launched successfully.
Connection established with LabVIEW at port number 3363.

Operation output: 
#### Starting Mass Compile: Mon, Jun 15, 2026 10:38:49 PM
  Directory: "/workspace"
/workspace/.github/labview/PrintToSingleFileHtml/PrintToSingleFileHtml.lvclass (PrintToSingleFileHtml.lvclass)
    - The class expected to be at "/workspace/.github/labview/CoreOperation/CoreOperation.lvclass" was loaded from "/usr/local/natinst/share/nilvcli/Operations/CoreOperation/CoreOperation.lvclass".
Could not load (/workspace/actions/vidiff/PrintToSingleFileHtml/Append log.vi) because (/workspace/.github/labview/PrintToSingleFileHtml/Append log.vi) in memory
Could not load (/workspace/actions/vidiff/PrintToSingleFileHtml/Create output file.vi) because (/workspace/.github/labview/PrintToSingleFileHtml/Create output file.vi) in memory
Could not load (/workspace/actions/vidiff/PrintToSingleFileHtml/GetHelp.vi) because (/workspace/.github/labview/PrintToSingleFileHtml/GetHelp.vi) in memory
Could not load (/workspace/actions/vidiff/PrintToSingleFileHtml/Make path absolute.vi) because (/workspace/.github/labview/PrintToSingleFileHtml/Make path absolute.vi) in memory
Could not load (/workspace/actions/vidiff/PrintToSingleFileHtml/Open VI.vi) because (/workspace/.github/labview/PrintToSingleFileHtml/Open VI.vi) in memory
Could not load (/workspace/actions/vidiff/PrintToSingleFileHtml/Parse inputs.vi) because (/workspace/.github/labview/PrintToSingleFileHtml/Parse inputs.vi) in memory
Could not load (/workspace/actions/vidiff/PrintToSingleFileHtml/Print to temp file.vi) because (/workspace/.github/labview/PrintToSingleFileHtml/Print to temp file.vi) in memory
Could not load (/workspace/actions/vidiff/PrintToSingleFileHtml/PrintToSingleFileHtml.lvclass) because (/workspace/.github/labview/PrintToSingleFileHtml/PrintToSingleFileHtml.lvclass) in memory
Could not load (/workspace/actions/vidiff/PrintToSingleFileHtml/RunOperation.vi) because (/workspace/.github/labview/PrintToSingleFileHtml/RunOperation.vi) in memory
Could not load (/workspace/actions/vidiff/PrintToSingleFileHtml/base64_fast_encode.vi) because (/workspace/.github/labview/PrintToSingleFileHtml/base64_fast_encode.vi) in memory
  ### Bad VI:    "Revidyne Generator.lvlib:VI Tree.vi"	Path="/workspace/example/Curriculum/Generator API/subVIs/Public/VI Tree.vi" 
Search failed to find "Trim Whitespace (string).vi" previously from "/<vilib>/Utility/error.llb/Trim Whitespace (string).vi"  +=+   Caller: "main.vi"
#### Finished Mass Compile: Mon, Jun 15, 2026 10:38:59 PM

MassCompile operation failed.

